[35m[Appium][39m Welcome to Appium v2.5.1
[35m[Appium][39m Non-default server args:
[35m[Appium][39m { basePath: [32m'/wd/hub'[39m, loglevel: [32m'info'[39m, port: [33m53013[39m }
[35m[Appium][39m Attempting to load driver uiautomator2...
[35m[Appium][39m Appium REST http interface listener started on http://0.0.0.0:53013/wd/hub
[35m[Appium][39m You can provide the following URLs in your client code to connect to this server:
[35m[Appium][39m 	http://192.168.100.9:53013/wd/hub
[35m[Appium][39m 	http://127.0.0.1:53013/wd/hub (only accessible from the same host)
[35m[Appium][39m Available drivers:
[35m[Appium][39m   - uiautomator2@3.0.0 (automationName 'UiAutomator2')
[35m[Appium][39m No plugins have been installed. Use the "appium plugin" command to install the one(s) you want to use.
[38;5;0m[HTTP][0m [37m-->[39m [37mGET[39m [37m/wd/hub/status[39m
[38;5;0m[HTTP][0m [90m{}[39m
[38;5;0m[HTTP][0m [37m<-- GET /wd/hub/status [39m[32m200[39m [90m4 ms - 110[39m
[38;5;0m[HTTP][0m [90m[39m
[38;5;0m[HTTP][0m [37m-->[39m [37mGET[39m [37m/wd/hub/status[39m
[38;5;0m[HTTP][0m [90m{}[39m
[38;5;0m[HTTP][0m [37m<-- GET /wd/hub/status [39m[32m200[39m [90m1 ms - 110[39m
[38;5;0m[HTTP][0m [90m[39m
[38;5;0m[HTTP][0m [37m-->[39m [37mPOST[39m [37m/wd/hub/session[39m
[38;5;0m[HTTP][0m [90m{"desiredCapabilities":{"appium:systemPort":8236,"appium:udid":"RR8N10599HX","appium:autoGrantPermissions":true,"appium:newCommandTimeout":1800,"appium:platformName":"ANDROID","appium:appActivity":".Settings","appium:deviceName":"samsung SM-A515F (Android 13)","platformName":"Android","appium:automationName":"uiautomator2","appium:platformVersion":"13","appium:appPackage":"com.android.settings"},"capabilities":{"firstMatch":[{"appium:appActivity":".Settings","appium:appPackage":"com.android.settings","appium:autoGrantPermissions":true,"appium:automationName":"uiautomator2","appium:deviceName":"samsung SM-A515F (Android 13)","appium:newCommandTimeout":1800,"appium:platformName":"ANDROID","appium:platformVersion":"13","appium:systemPort":8236,"appium:udid":"RR8N10599HX","platformName":"android"}]}}[39m
[38;5;32m[BaseDriver][0m Ignoring capability 'appium:platformName=ANDROID' and using capability 'platformName=android'
[38;5;32m[BaseDriver][0m The capabilities ["platformName"] are standard capabilities and do not require "appium:" prefix
[35m[Appium][39m Attempting to find matching driver for automationName 'uiautomator2' and platformName 'android'
[35m[Appium][39m The 'uiautomator2' driver was installed and matched caps.
[35m[Appium][39m Will require it at C:\Users\Panji\.appium\node_modules\appium-uiautomator2-driver
[38;5;16m[AppiumDriver@3994][0m Appium v2.5.1 creating new AndroidUiautomator2Driver (v3.0.0) session
[38;5;16m[AppiumDriver@3994][0m Checking BaseDriver versions for Appium and AndroidUiautomator2Driver
[38;5;16m[AppiumDriver@3994][0m Appium's BaseDriver version is 9.5.2
[38;5;16m[AppiumDriver@3994][0m AndroidUiautomator2Driver's BaseDriver version is 9.5.2
[38;5;48m[AndroidUiautomator2Driver@8f99 (58d10869)][0m Session created with session id: 58d10869-a7f2-4a34-90a0-7450f98f2863
[38;5;64m[ADB][0m Found 1 'build-tools' folders under 'C:\Users\Panji\.katalon\tools\android_sdk' (newest first):
[38;5;64m[ADB][0m     C:\Users\Panji\.katalon\tools\android_sdk\build-tools\29.0.3
[38;5;64m[ADB][0m Using 'adb.exe' from 'C:\Users\Panji\.katalon\tools\android_sdk\platform-tools\adb.exe'
[38;5;48m[AndroidUiautomator2Driver@8f99 (58d10869)][0m Retrieving device list
[38;5;48m[AndroidUiautomator2Driver@8f99 (58d10869)][0m Using device: RR8N10599HX
[38;5;64m[ADB][0m Using 'adb.exe' from 'C:\Users\Panji\.katalon\tools\android_sdk\platform-tools\adb.exe'
[38;5;48m[AndroidUiautomator2Driver@8f99 (58d10869)][0m Starting 'com.android.settings' directly on the device
[38;5;64m[ADB][0m Getting device platform version
[38;5;48m[AndroidUiautomator2Driver@8f99 (58d10869)][0m Relaxing hidden api policy
[38;5;48m[AndroidUiautomator2Driver@8f99 (58d10869)][0m No app sent in, not parsing package/activity
[38;5;64m[ADB][0m Using 'apksigner.jar' from 'C:\Users\Panji\.katalon\tools\android_sdk\build-tools\29.0.3\lib\apksigner.jar'
[38;5;64m[ADB][0m 'C:\Users\Panji\.appium\node_modules\appium-uiautomator2-driver\node_modules\appium-uiautomator2-server\apks\appium-uiautomator2-server-debug-androidTest.apk' is signed with the default certificate
[38;5;64m[ADB][0m 'C:\Users\Panji\.appium\node_modules\appium-uiautomator2-driver\node_modules\appium-uiautomator2-server\apks\appium-uiautomator2-server-v7.0.0.apk' is signed with the default certificate
[38;5;48m[AndroidUiautomator2Driver@8f99 (58d10869)][0m Server packages are not going to be (re)installed
[38;5;64m[ADB][0m Adding packages ["io.appium.settings","io.appium.uiautomator2.server","io.appium.uiautomator2.server.test"] to Doze whitelist
[38;5;48m[AndroidUiautomator2Driver@8f99 (58d10869)][0m Starting UIAutomator2 server 7.0.0
[38;5;48m[AndroidUiautomator2Driver@8f99 (58d10869)][0m Using UIAutomator2 server from 'C:\Users\Panji\.appium\node_modules\appium-uiautomator2-driver\node_modules\appium-uiautomator2-server\apks\appium-uiautomator2-server-v7.0.0.apk' and test from 'C:\Users\Panji\.appium\node_modules\appium-uiautomator2-driver\node_modules\appium-uiautomator2-server\apks\appium-uiautomator2-server-debug-androidTest.apk'
[38;5;48m[AndroidUiautomator2Driver@8f99 (58d10869)][0m Waiting up to 30000ms for UiAutomator2 to be online...
[38;5;48m[AndroidUiautomator2Driver@8f99 (58d10869)][0m socket hang up
[38;5;48m[AndroidUiautomator2Driver@8f99 (58d10869)][0m socket hang up
[38;5;48m[AndroidUiautomator2Driver@8f99 (58d10869)][0m socket hang up
[38;5;48m[AndroidUiautomator2Driver@8f99 (58d10869)][0m Determined the downstream protocol as 'W3C'
[38;5;48m[AndroidUiautomator2Driver@8f99 (58d10869)][0m Screen already unlocked, doing nothing
[38;5;48m[AndroidUiautomator2Driver@8f99 (58d10869)][0m Starting 'com.android.settings/.Settings and waiting for 'com.android.settings/.Settings'
[38;5;16m[AppiumDriver@3994][0m New AndroidUiautomator2Driver session created successfully, session 58d10869-a7f2-4a34-90a0-7450f98f2863 added to master session list
[38;5;0m[HTTP][0m [37m<-- POST /wd/hub/session [39m[32m200[39m [90m7744 ms - 1087[39m
[38;5;0m[HTTP][0m [90m[39m
[38;5;0m[HTTP][0m [37m-->[39m [37mGET[39m [37m/wd/hub/session/58d10869-a7f2-4a34-90a0-7450f98f2863[39m
[38;5;0m[HTTP][0m [90m{}[39m
[38;5;0m[HTTP][0m [37m<-- GET /wd/hub/session/58d10869-a7f2-4a34-90a0-7450f98f2863 [39m[32m200[39m [90m19 ms - 312[39m
[38;5;0m[HTTP][0m [90m[39m
[38;5;0m[HTTP][0m [37m-->[39m [37mGET[39m [37m/wd/hub/session/58d10869-a7f2-4a34-90a0-7450f98f2863[39m
[38;5;0m[HTTP][0m [90m{}[39m
[38;5;0m[HTTP][0m [37m<-- GET /wd/hub/session/58d10869-a7f2-4a34-90a0-7450f98f2863 [39m[32m200[39m [90m24 ms - 312[39m
[38;5;0m[HTTP][0m [90m[39m
[38;5;0m[HTTP][0m [37m-->[39m [37mGET[39m [37m/wd/hub/status[39m
[38;5;0m[HTTP][0m [90m{}[39m
[38;5;0m[HTTP][0m [37m<-- GET /wd/hub/status [39m[32m200[39m [90m1 ms - 110[39m
[38;5;0m[HTTP][0m [90m[39m
[38;5;0m[HTTP][0m [37m-->[39m [37mPOST[39m [37m/wd/hub/session/58d10869-a7f2-4a34-90a0-7450f98f2863/timeouts[39m
[38;5;0m[HTTP][0m [90m{"implicit":60000}[39m
[38;5;0m[HTTP][0m [37m<-- POST /wd/hub/session/58d10869-a7f2-4a34-90a0-7450f98f2863/timeouts [39m[32m200[39m [90m2 ms - 14[39m
[38;5;0m[HTTP][0m [90m[39m
[38;5;0m[HTTP][0m [37m-->[39m [37mGET[39m [37m/wd/hub/session/58d10869-a7f2-4a34-90a0-7450f98f2863/appium/device/system_bars[39m
[38;5;0m[HTTP][0m [90m{}[39m
[38;5;0m[HTTP][0m [37m<-- GET /wd/hub/session/58d10869-a7f2-4a34-90a0-7450f98f2863/appium/device/system_bars [39m[32m200[39m [90m100 ms - 151[39m
[38;5;0m[HTTP][0m [90m[39m
[38;5;0m[HTTP][0m [37m-->[39m [37mPOST[39m [37m/wd/hub/session/58d10869-a7f2-4a34-90a0-7450f98f2863/appium/device/activate_app[39m
[38;5;0m[HTTP][0m [90m{"bundleId":"io.appium.android.apis"}[39m
[38;5;0m[HTTP][0m [37m<-- POST /wd/hub/session/58d10869-a7f2-4a34-90a0-7450f98f2863/appium/device/activate_app [39m[32m200[39m [90m230 ms - 14[39m
[38;5;0m[HTTP][0m [90m[39m
[38;5;0m[HTTP][0m [37m-->[39m [37mGET[39m [37m/wd/hub/session/58d10869-a7f2-4a34-90a0-7450f98f2863/source[39m
[38;5;0m[HTTP][0m [90m{}[39m
[38;5;48m[AndroidUiautomator2Driver@8f99 (58d10869)][0m Driver proxy active, passing request on via HTTP proxy
[38;5;48m[AndroidUiautomator2Driver@8f99 (58d10869)][0m Replacing sessionId a05a55a2-5988-4871-8331-31bea843c1a1 with 58d10869-a7f2-4a34-90a0-7450f98f2863
[38;5;0m[HTTP][0m [37m<-- GET /wd/hub/session/58d10869-a7f2-4a34-90a0-7450f98f2863/source [39m[32m200[39m [90m918 ms - 8575[39m
[38;5;0m[HTTP][0m [90m[39m
[38;5;0m[HTTP][0m [37m-->[39m [37mGET[39m [37m/wd/hub/session/58d10869-a7f2-4a34-90a0-7450f98f2863/screenshot[39m
[38;5;0m[HTTP][0m [90m{}[39m
[38;5;0m[HTTP][0m [37m<-- GET /wd/hub/session/58d10869-a7f2-4a34-90a0-7450f98f2863/screenshot [39m[32m200[39m [90m659 ms - 114332[39m
[38;5;0m[HTTP][0m [90m[39m
[38;5;0m[HTTP][0m [37m-->[39m [37mGET[39m [37m/wd/hub/session/58d10869-a7f2-4a34-90a0-7450f98f2863/window/rect[39m
[38;5;0m[HTTP][0m [90m{}[39m
[38;5;0m[HTTP][0m [37m<-- GET /wd/hub/session/58d10869-a7f2-4a34-90a0-7450f98f2863/window/rect [39m[32m200[39m [90m27 ms - 50[39m
[38;5;0m[HTTP][0m [90m[39m
[38;5;0m[HTTP][0m [37m-->[39m [37mPOST[39m [37m/wd/hub/session/58d10869-a7f2-4a34-90a0-7450f98f2863/elements[39m
[38;5;0m[HTTP][0m [90m{"using":"xpath","value":"//*[@class = 'android.widget.TextView' and (@text = 'OS' or . = 'OS') and @resource-id = 'android:id/text1']"}[39m
[38;5;0m[HTTP][0m [37m<-- POST /wd/hub/session/58d10869-a7f2-4a34-90a0-7450f98f2863/elements [39m[32m200[39m [90m750 ms - 139[39m
[38;5;0m[HTTP][0m [90m[39m
[38;5;0m[HTTP][0m [37m-->[39m [37mGET[39m [37m/wd/hub/session/58d10869-a7f2-4a34-90a0-7450f98f2863/element/00000000-0000-0044-ffff-ffff00000011/location[39m
[38;5;0m[HTTP][0m [90m{}[39m
[38;5;48m[AndroidUiautomator2Driver@8f99 (58d10869)][0m Driver proxy active, passing request on via HTTP proxy
[38;5;48m[AndroidUiautomator2Driver@8f99 (58d10869)][0m Replacing sessionId a05a55a2-5988-4871-8331-31bea843c1a1 with 58d10869-a7f2-4a34-90a0-7450f98f2863
[38;5;0m[HTTP][0m [37m<-- GET /wd/hub/session/58d10869-a7f2-4a34-90a0-7450f98f2863/element/00000000-0000-0044-ffff-ffff00000011/location [39m[32m200[39m [90m27 ms - 77[39m
[38;5;0m[HTTP][0m [90m[39m
[38;5;0m[HTTP][0m [37m-->[39m [37mPOST[39m [37m/wd/hub/session/58d10869-a7f2-4a34-90a0-7450f98f2863/element/00000000-0000-0044-ffff-ffff00000011/click[39m
[38;5;0m[HTTP][0m [90m{"id":"00000000-0000-0044-ffff-ffff00000011"}[39m
[38;5;0m[HTTP][0m [37m<-- POST /wd/hub/session/58d10869-a7f2-4a34-90a0-7450f98f2863/element/00000000-0000-0044-ffff-ffff00000011/click [39m[32m200[39m [90m1482 ms - 14[39m
[38;5;0m[HTTP][0m [90m[39m
[38;5;0m[HTTP][0m [37m-->[39m [37mGET[39m [37m/wd/hub/session/58d10869-a7f2-4a34-90a0-7450f98f2863/source[39m
[38;5;0m[HTTP][0m [90m{}[39m
[38;5;48m[AndroidUiautomator2Driver@8f99 (58d10869)][0m Driver proxy active, passing request on via HTTP proxy
[38;5;48m[AndroidUiautomator2Driver@8f99 (58d10869)][0m Replacing sessionId a05a55a2-5988-4871-8331-31bea843c1a1 with 58d10869-a7f2-4a34-90a0-7450f98f2863
[38;5;0m[HTTP][0m [37m<-- GET /wd/hub/session/58d10869-a7f2-4a34-90a0-7450f98f2863/source [39m[32m200[39m [90m127 ms - 5069[39m
[38;5;0m[HTTP][0m [90m[39m
[38;5;0m[HTTP][0m [37m-->[39m [37mGET[39m [37m/wd/hub/session/58d10869-a7f2-4a34-90a0-7450f98f2863/screenshot[39m
[38;5;0m[HTTP][0m [90m{}[39m
[38;5;0m[HTTP][0m [37m<-- GET /wd/hub/session/58d10869-a7f2-4a34-90a0-7450f98f2863/screenshot [39m[32m200[39m [90m928 ms - 85196[39m
[38;5;0m[HTTP][0m [90m[39m
[38;5;0m[HTTP][0m [37m-->[39m [37mPOST[39m [37m/wd/hub/session/58d10869-a7f2-4a34-90a0-7450f98f2863/elements[39m
[38;5;0m[HTTP][0m [90m{"using":"xpath","value":"//*[@class = 'android.widget.TextView' and (@text = 'SMS Messaging' or . = 'SMS Messaging') and @resource-id = 'android:id/text1']"}[39m
[38;5;0m[HTTP][0m [37m<-- POST /wd/hub/session/58d10869-a7f2-4a34-90a0-7450f98f2863/elements [39m[32m200[39m [90m198 ms - 139[39m
[38;5;0m[HTTP][0m [90m[39m
[38;5;0m[HTTP][0m [37m-->[39m [37mGET[39m [37m/wd/hub/session/58d10869-a7f2-4a34-90a0-7450f98f2863/window/rect[39m
[38;5;0m[HTTP][0m [90m{}[39m
[38;5;0m[HTTP][0m [37m<-- GET /wd/hub/session/58d10869-a7f2-4a34-90a0-7450f98f2863/window/rect [39m[32m200[39m [90m11 ms - 50[39m
[38;5;0m[HTTP][0m [90m[39m
[38;5;0m[HTTP][0m [37m-->[39m [37mPOST[39m [37m/wd/hub/session/58d10869-a7f2-4a34-90a0-7450f98f2863/elements[39m
[38;5;0m[HTTP][0m [90m{"using":"xpath","value":"//*[@class = 'android.widget.TextView' and (@text = 'SMS Messaging' or . = 'SMS Messaging') and @resource-id = 'android:id/text1']"}[39m
[38;5;0m[HTTP][0m [37m<-- POST /wd/hub/session/58d10869-a7f2-4a34-90a0-7450f98f2863/elements [39m[32m200[39m [90m153 ms - 139[39m
[38;5;0m[HTTP][0m [90m[39m
[38;5;0m[HTTP][0m [37m-->[39m [37mGET[39m [37m/wd/hub/session/58d10869-a7f2-4a34-90a0-7450f98f2863/element/00000000-0000-0051-ffff-ffff00000022/location[39m
[38;5;0m[HTTP][0m [90m{}[39m
[38;5;48m[AndroidUiautomator2Driver@8f99 (58d10869)][0m Driver proxy active, passing request on via HTTP proxy
[38;5;48m[AndroidUiautomator2Driver@8f99 (58d10869)][0m Replacing sessionId a05a55a2-5988-4871-8331-31bea843c1a1 with 58d10869-a7f2-4a34-90a0-7450f98f2863
[38;5;0m[HTTP][0m [37m<-- GET /wd/hub/session/58d10869-a7f2-4a34-90a0-7450f98f2863/element/00000000-0000-0051-ffff-ffff00000022/location [39m[32m200[39m [90m23 ms - 76[39m
[38;5;0m[HTTP][0m [90m[39m
[38;5;0m[HTTP][0m [37m-->[39m [37mPOST[39m [37m/wd/hub/session/58d10869-a7f2-4a34-90a0-7450f98f2863/element/00000000-0000-0051-ffff-ffff00000022/click[39m
[38;5;0m[HTTP][0m [90m{"id":"00000000-0000-0051-ffff-ffff00000022"}[39m
[38;5;0m[HTTP][0m [37m<-- POST /wd/hub/session/58d10869-a7f2-4a34-90a0-7450f98f2863/element/00000000-0000-0051-ffff-ffff00000022/click [39m[32m200[39m [90m1434 ms - 14[39m
[38;5;0m[HTTP][0m [90m[39m
[38;5;0m[HTTP][0m [37m-->[39m [37mGET[39m [37m/wd/hub/session/58d10869-a7f2-4a34-90a0-7450f98f2863/source[39m
[38;5;0m[HTTP][0m [90m{}[39m
[38;5;48m[AndroidUiautomator2Driver@8f99 (58d10869)][0m Driver proxy active, passing request on via HTTP proxy
[38;5;48m[AndroidUiautomator2Driver@8f99 (58d10869)][0m Replacing sessionId a05a55a2-5988-4871-8331-31bea843c1a1 with 58d10869-a7f2-4a34-90a0-7450f98f2863
[38;5;0m[HTTP][0m [37m<-- GET /wd/hub/session/58d10869-a7f2-4a34-90a0-7450f98f2863/source [39m[32m200[39m [90m138 ms - 9658[39m
[38;5;0m[HTTP][0m [90m[39m
[38;5;0m[HTTP][0m [37m-->[39m [37mGET[39m [37m/wd/hub/session/58d10869-a7f2-4a34-90a0-7450f98f2863/screenshot[39m
[38;5;0m[HTTP][0m [90m{}[39m
[38;5;0m[HTTP][0m [37m<-- GET /wd/hub/session/58d10869-a7f2-4a34-90a0-7450f98f2863/screenshot [39m[32m200[39m [90m968 ms - 133744[39m
[38;5;0m[HTTP][0m [90m[39m
[38;5;0m[HTTP][0m [37m-->[39m [37mPOST[39m [37m/wd/hub/session/58d10869-a7f2-4a34-90a0-7450f98f2863/elements[39m
[38;5;0m[HTTP][0m [90m{"using":"xpath","value":"//*[@class = 'android.widget.EditText' and @resource-id = 'io.appium.android.apis:id/sms_recipient' and (@text = '' or . = '')]"}[39m
[38;5;0m[HTTP][0m [37m<-- POST /wd/hub/session/58d10869-a7f2-4a34-90a0-7450f98f2863/elements [39m[32m200[39m [90m254 ms - 139[39m
[38;5;0m[HTTP][0m [90m[39m
[38;5;0m[HTTP][0m [37m-->[39m [37mGET[39m [37m/wd/hub/session/58d10869-a7f2-4a34-90a0-7450f98f2863/window/rect[39m
[38;5;0m[HTTP][0m [90m{}[39m
[38;5;0m[HTTP][0m [37m<-- GET /wd/hub/session/58d10869-a7f2-4a34-90a0-7450f98f2863/window/rect [39m[32m200[39m [90m11 ms - 50[39m
[38;5;0m[HTTP][0m [90m[39m
[38;5;0m[HTTP][0m [37m-->[39m [37mPOST[39m [37m/wd/hub/session/58d10869-a7f2-4a34-90a0-7450f98f2863/elements[39m
[38;5;0m[HTTP][0m [90m{"using":"xpath","value":"//*[@class = 'android.widget.EditText' and @resource-id = 'io.appium.android.apis:id/sms_recipient' and (@text = '' or . = '')]"}[39m
[38;5;0m[HTTP][0m [37m<-- POST /wd/hub/session/58d10869-a7f2-4a34-90a0-7450f98f2863/elements [39m[32m200[39m [90m253 ms - 139[39m
[38;5;0m[HTTP][0m [90m[39m
[38;5;0m[HTTP][0m [37m-->[39m [37mGET[39m [37m/wd/hub/session/58d10869-a7f2-4a34-90a0-7450f98f2863/element/00000000-0000-0052-ffff-ffff0000002d/location[39m
[38;5;0m[HTTP][0m [90m{}[39m
[38;5;48m[AndroidUiautomator2Driver@8f99 (58d10869)][0m Driver proxy active, passing request on via HTTP proxy
[38;5;48m[AndroidUiautomator2Driver@8f99 (58d10869)][0m Replacing sessionId a05a55a2-5988-4871-8331-31bea843c1a1 with 58d10869-a7f2-4a34-90a0-7450f98f2863
[38;5;0m[HTTP][0m [37m<-- GET /wd/hub/session/58d10869-a7f2-4a34-90a0-7450f98f2863/element/00000000-0000-0052-ffff-ffff0000002d/location [39m[32m200[39m [90m22 ms - 78[39m
[38;5;0m[HTTP][0m [90m[39m
[38;5;0m[HTTP][0m [37m-->[39m [37mPOST[39m [37m/wd/hub/session/58d10869-a7f2-4a34-90a0-7450f98f2863/element/00000000-0000-0052-ffff-ffff0000002d/clear[39m
[38;5;0m[HTTP][0m [90m{"id":"00000000-0000-0052-ffff-ffff0000002d"}[39m
[38;5;0m[HTTP][0m [37m<-- POST /wd/hub/session/58d10869-a7f2-4a34-90a0-7450f98f2863/element/00000000-0000-0052-ffff-ffff0000002d/clear [39m[32m200[39m [90m45 ms - 14[39m
[38;5;0m[HTTP][0m [90m[39m
[38;5;0m[HTTP][0m [37m-->[39m [37mPOST[39m [37m/wd/hub/session/58d10869-a7f2-4a34-90a0-7450f98f2863/element/00000000-0000-0052-ffff-ffff0000002d/click[39m
[38;5;0m[HTTP][0m [90m{"id":"00000000-0000-0052-ffff-ffff0000002d"}[39m
[38;5;0m[HTTP][0m [37m<-- POST /wd/hub/session/58d10869-a7f2-4a34-90a0-7450f98f2863/element/00000000-0000-0052-ffff-ffff0000002d/click [39m[32m200[39m [90m529 ms - 14[39m
[38;5;0m[HTTP][0m [90m[39m
[38;5;0m[HTTP][0m [37m-->[39m [37mPOST[39m [37m/wd/hub/session/58d10869-a7f2-4a34-90a0-7450f98f2863/element/00000000-0000-0052-ffff-ffff0000002d/value[39m
[38;5;0m[HTTP][0m [90m{"id":"00000000-0000-0052-ffff-ffff0000002d","text":"1234567890","value":["1","2","3","4","5","6","7","8","9","0"]}[39m
[38;5;0m[HTTP][0m [37m<-- POST /wd/hub/session/58d10869-a7f2-4a34-90a0-7450f98f2863/element/00000000-0000-0052-ffff-ffff0000002d/value [39m[32m200[39m [90m1896 ms - 14[39m
[38;5;0m[HTTP][0m [90m[39m
[38;5;0m[HTTP][0m [37m-->[39m [37mGET[39m [37m/wd/hub/session/58d10869-a7f2-4a34-90a0-7450f98f2863/source[39m
[38;5;0m[HTTP][0m [90m{}[39m
[38;5;48m[AndroidUiautomator2Driver@8f99 (58d10869)][0m Driver proxy active, passing request on via HTTP proxy
[38;5;48m[AndroidUiautomator2Driver@8f99 (58d10869)][0m Replacing sessionId a05a55a2-5988-4871-8331-31bea843c1a1 with 58d10869-a7f2-4a34-90a0-7450f98f2863
[38;5;0m[HTTP][0m [37m<-- GET /wd/hub/session/58d10869-a7f2-4a34-90a0-7450f98f2863/source [39m[32m200[39m [90m239 ms - 9667[39m
[38;5;0m[HTTP][0m [90m[39m
[38;5;0m[HTTP][0m [37m-->[39m [37mGET[39m [37m/wd/hub/session/58d10869-a7f2-4a34-90a0-7450f98f2863/screenshot[39m
[38;5;0m[HTTP][0m [90m{}[39m
[38;5;0m[HTTP][0m [37m<-- GET /wd/hub/session/58d10869-a7f2-4a34-90a0-7450f98f2863/screenshot [39m[32m200[39m [90m1025 ms - 221848[39m
[38;5;0m[HTTP][0m [90m[39m
[38;5;0m[HTTP][0m [37m-->[39m [37mPOST[39m [37m/wd/hub/session/58d10869-a7f2-4a34-90a0-7450f98f2863/elements[39m
[38;5;0m[HTTP][0m [90m{"using":"xpath","value":"//*[@class = 'android.widget.EditText' and @resource-id = 'io.appium.android.apis:id/sms_content' and (@text = '' or . = '')]"}[39m
[38;5;0m[HTTP][0m [37m<-- POST /wd/hub/session/58d10869-a7f2-4a34-90a0-7450f98f2863/elements [39m[32m200[39m [90m251 ms - 139[39m
[38;5;0m[HTTP][0m [90m[39m
[38;5;0m[HTTP][0m [37m-->[39m [37mGET[39m [37m/wd/hub/session/58d10869-a7f2-4a34-90a0-7450f98f2863/window/rect[39m
[38;5;0m[HTTP][0m [90m{}[39m
[38;5;0m[HTTP][0m [37m<-- GET /wd/hub/session/58d10869-a7f2-4a34-90a0-7450f98f2863/window/rect [39m[32m200[39m [90m11 ms - 50[39m
[38;5;0m[HTTP][0m [90m[39m
[38;5;0m[HTTP][0m [37m-->[39m [37mPOST[39m [37m/wd/hub/session/58d10869-a7f2-4a34-90a0-7450f98f2863/elements[39m
[38;5;0m[HTTP][0m [90m{"using":"xpath","value":"//*[@class = 'android.widget.EditText' and @resource-id = 'io.appium.android.apis:id/sms_content' and (@text = '' or . = '')]"}[39m
[38;5;0m[HTTP][0m [37m<-- POST /wd/hub/session/58d10869-a7f2-4a34-90a0-7450f98f2863/elements [39m[32m200[39m [90m250 ms - 139[39m
[38;5;0m[HTTP][0m [90m[39m
[38;5;0m[HTTP][0m [37m-->[39m [37mGET[39m [37m/wd/hub/session/58d10869-a7f2-4a34-90a0-7450f98f2863/element/00000000-0000-0052-ffff-ffff00000030/location[39m
[38;5;0m[HTTP][0m [90m{}[39m
[38;5;48m[AndroidUiautomator2Driver@8f99 (58d10869)][0m Driver proxy active, passing request on via HTTP proxy
[38;5;48m[AndroidUiautomator2Driver@8f99 (58d10869)][0m Replacing sessionId a05a55a2-5988-4871-8331-31bea843c1a1 with 58d10869-a7f2-4a34-90a0-7450f98f2863
[38;5;0m[HTTP][0m [37m<-- GET /wd/hub/session/58d10869-a7f2-4a34-90a0-7450f98f2863/element/00000000-0000-0052-ffff-ffff00000030/location [39m[32m200[39m [90m22 ms - 78[39m
[38;5;0m[HTTP][0m [90m[39m
[38;5;0m[HTTP][0m [37m-->[39m [37mPOST[39m [37m/wd/hub/session/58d10869-a7f2-4a34-90a0-7450f98f2863/element/00000000-0000-0052-ffff-ffff00000030/clear[39m
[38;5;0m[HTTP][0m [90m{"id":"00000000-0000-0052-ffff-ffff00000030"}[39m
[38;5;0m[HTTP][0m [37m<-- POST /wd/hub/session/58d10869-a7f2-4a34-90a0-7450f98f2863/element/00000000-0000-0052-ffff-ffff00000030/clear [39m[32m200[39m [90m39 ms - 14[39m
[38;5;0m[HTTP][0m [90m[39m
[38;5;0m[HTTP][0m [37m-->[39m [37mPOST[39m [37m/wd/hub/session/58d10869-a7f2-4a34-90a0-7450f98f2863/element/00000000-0000-0052-ffff-ffff00000030/click[39m
[38;5;0m[HTTP][0m [90m{"id":"00000000-0000-0052-ffff-ffff00000030"}[39m
[38;5;0m[HTTP][0m [37m<-- POST /wd/hub/session/58d10869-a7f2-4a34-90a0-7450f98f2863/element/00000000-0000-0052-ffff-ffff00000030/click [39m[32m200[39m [90m568 ms - 14[39m
[38;5;0m[HTTP][0m [90m[39m
[38;5;0m[HTTP][0m [37m-->[39m [37mPOST[39m [37m/wd/hub/session/58d10869-a7f2-4a34-90a0-7450f98f2863/element/00000000-0000-0052-ffff-ffff00000030/value[39m
[38;5;0m[HTTP][0m [90m{"id":"00000000-0000-0052-ffff-ffff00000030","text":"Panji Prakoso","value":["P","a","n","j","i"," ","P","r","a","k","o","s","o"]}[39m
[38;5;0m[HTTP][0m [37m<-- POST /wd/hub/session/58d10869-a7f2-4a34-90a0-7450f98f2863/element/00000000-0000-0052-ffff-ffff00000030/value [39m[32m200[39m [90m782 ms - 14[39m
[38;5;0m[HTTP][0m [90m[39m
[38;5;0m[HTTP][0m [37m-->[39m [37mGET[39m [37m/wd/hub/session/58d10869-a7f2-4a34-90a0-7450f98f2863/source[39m
[38;5;0m[HTTP][0m [90m{}[39m
[38;5;48m[AndroidUiautomator2Driver@8f99 (58d10869)][0m Driver proxy active, passing request on via HTTP proxy
[38;5;48m[AndroidUiautomator2Driver@8f99 (58d10869)][0m Replacing sessionId a05a55a2-5988-4871-8331-31bea843c1a1 with 58d10869-a7f2-4a34-90a0-7450f98f2863
[38;5;0m[HTTP][0m [37m<-- GET /wd/hub/session/58d10869-a7f2-4a34-90a0-7450f98f2863/source [39m[32m200[39m [90m251 ms - 9680[39m
[38;5;0m[HTTP][0m [90m[39m
[38;5;0m[HTTP][0m [37m-->[39m [37mGET[39m [37m/wd/hub/session/58d10869-a7f2-4a34-90a0-7450f98f2863/screenshot[39m
[38;5;0m[HTTP][0m [90m{}[39m
[38;5;0m[HTTP][0m [37m<-- GET /wd/hub/session/58d10869-a7f2-4a34-90a0-7450f98f2863/screenshot [39m[32m200[39m [90m1000 ms - 229640[39m
[38;5;0m[HTTP][0m [90m[39m
[38;5;0m[HTTP][0m [37m-->[39m [37mDELETE[39m [37m/wd/hub/session/58d10869-a7f2-4a34-90a0-7450f98f2863[39m
[38;5;0m[HTTP][0m [90m{}[39m
[38;5;16m[AppiumDriver@3994][0m Removing session 58d10869-a7f2-4a34-90a0-7450f98f2863 from our master session list
[38;5;48m[AndroidUiautomator2Driver@8f99 (58d10869)][0m Restoring hidden api policy to the device default configuration
[38;5;0m[HTTP][0m [37m<-- DELETE /wd/hub/session/58d10869-a7f2-4a34-90a0-7450f98f2863 [39m[32m200[39m [90m570 ms - 14[39m
[38;5;0m[HTTP][0m [90m[39m
